app/backup/build/outputs/logs/manifest-merger-debug-report.txt
-- Merging decision tree log ---
manifest
ADDED from src\main\AndroidManifest.xml:2:1-158:12
INJECTED from src\main\AndroidManifest.xml:2:1-158:12
INJECTED from src\main\AndroidManifest.xml:2:1-158:12
INJECTED from src\main\AndroidManifest.xml:2:1-158:12
MERGED from [com.android.databinding:adapters:3.2.1] AndroidManifest.xml:17:1-24:12
MERGED from [com.android.databinding:library:3.2.1] AndroidManifest.xml:17:1-24:12
MERGED from [com.android.support:design:28.0.0] AndroidManifest.xml:17:1-24:12
MERGED from [pub.devrel:easypermissions:1.2.0] AndroidManifest.xml:2:1-19:12
MERGED from [com.android.support:appcompat-v7:28.0.0] AndroidManifest.xml:17:1-22:12
MERGED from [com.android.support:cardview-v7:28.0.0] AndroidManifest.xml:17:1-22:12
MERGED from [com.android.support:animated-vector-drawable:28.0.0] AndroidManifest.xml:17:1-22:12
MERGED from [android.arch.lifecycle:extensions:1.1.0] AndroidManifest.xml:17:1-30:12
MERGED from [ch.acra:acra:4.9.0] AndroidManifest.xml:10:6-44:12
MERGED from [com.google.firebase:firebase-messaging:17.3.4] AndroidManifest.xml:17:1-37:12
MERGED from [com.google.firebase:firebase-core:16.0.5] AndroidManifest.xml:2:1-9:12
MERGED from [com.google.firebase:firebase-measurement-connector-impl:17.0.3] AndroidManifest.xml:17:1-34:12
MERGED from [com.google.firebase:firebase-analytics:16.0.5] AndroidManifest.xml:17:1-55:12
MERGED from [com.google.android.gms:play-services-measurement-api:16.0.3] AndroidManifest.xml:17:1-25:12
MERGED from [com.google.firebase:firebase-analytics-impl:16.2.3] AndroidManifest.xml:17:1-40:12
MERGED from [com.google.firebase:firebase-iid:17.0.4] AndroidManifest.xml:17:1-59:12
MERGED from [com.google.firebase:firebase-common:16.0.3] AndroidManifest.xml:2:1-17:12
MERGED from [com.google.firebase:firebase-iid-interop:16.0.1] AndroidManifest.xml:2:1-10:12
MERGED from [com.google.android.gms:play-services-base:16.0.1] AndroidManifest.xml:17:1-29:12
MERGED from [com.google.android.gms:play-services-tasks:16.0.1] AndroidManifest.xml:2:1-9:12
MERGED from [com.google.firebase:firebase-measurement-connector:17.0.1] AndroidManifest.xml:17:1-25:12
MERGED from [com.google.android.gms:play-services-measurement-base:16.0.4] AndroidManifest.xml:2:1-9:12
MERGED from [com.google.android.gms:play-services-stats:16.0.1] AndroidManifest.xml:2:1-9:12
MERGED from [com.google.android.gms:play-services-ads-identifier:16.0.0] AndroidManifest.xml:17:1-24:12
MERGED from [com.google.android.gms:play-services-basement:16.0.1] AndroidManifest.xml:17:1-28:12
MERGED from [com.android.support:support-v4:28.0.0] AndroidManifest.xml:17:1-22:12
MERGED from [com.android.support:support-fragment:28.0.0] AndroidManifest.xml:17:1-22:12
MERGED from [com.ss.bannerslider:bannerslider:2.0.0] AndroidManifest.xml:2:1-13:12
MERGED from [com.android.support:recyclerview-v7:28.0.0] AndroidManifest.xml:17:1-22:12
MERGED from [com.android.support:support-core-ui:28.0.0] AndroidManifest.xml:17:1-22:12
MERGED from [com.android.support:transition:28.0.0] AndroidManifest.xml:17:1-22:12
MERGED from [com.jakewharton:butterknife:9.0.0-SNAPSHOT] AndroidManifest.xml:2:1-7:12
MERGED from [com.jakewharton:butterknife-runtime:9.0.0-SNAPSHOT] AndroidManifest.xml:2:1-7:12
MERGED from [com.android.support:viewpager:28.0.0] AndroidManifest.xml:17:1-22:12
MERGED from [com.android.support:coordinatorlayout:28.0.0] AndroidManifest.xml:17:1-22:12
MERGED from [com.android.support:drawerlayout:28.0.0] AndroidManifest.xml:17:1-22:12
MERGED from [com.android.support:slidingpanelayout:28.0.0] AndroidManifest.xml:17:1-22:12
MERGED from [com.android.support:customview:28.0.0] AndroidManifest.xml:17:1-22:12
MERGED from [com.android.support:swiperefreshlayout:28.0.0] AndroidManifest.xml:17:1-22:12
MERGED from [com.android.support:asynclayoutinflater:28.0.0] AndroidManifest.xml:17:1-22:12
MERGED from [android.arch.persistence.room:rxjava2:1.1.1] AndroidManifest.xml:17:1-22:12
MERGED from [android.arch.persistence.room:runtime:1.1.1] AndroidManifest.xml:17:1-22:12
MERGED from [com.android.support:support-core-utils:28.0.0] AndroidManifest.xml:17:1-22:12
MERGED from [com.android.support:loader:28.0.0] AndroidManifest.xml:17:1-22:12
MERGED from [com.android.support:support-vector-drawable:28.0.0] AndroidManifest.xml:17:1-22:12
MERGED from [com.android.support:support-media-compat:28.0.0] AndroidManifest.xml:17:1-22:12
MERGED from [com.android.support:support-compat:28.0.0] AndroidManifest.xml:17:1-24:12
MERGED from [com.android.support.constraint:constraint-layout:1.1.3] AndroidManifest.xml:2:1-11:12
MERGED from [io.reactivex.rxjava2:rxandroid:2.0.2] AndroidManifest.xml:15:1-21:12
MERGED from [com.squareup.picasso:picasso:2.71828] AndroidManifest.xml:2:1-14:12
MERGED from [android.arch.lifecycle:runtime:1.1.1] AndroidManifest.xml:17:1-22:12
MERGED from [android.arch.persistence:db-framework:1.1.1] AndroidManifest.xml:17:1-22:12
MERGED from [android.arch.persistence:db:1.1.1] AndroidManifest.xml:17:1-22:12
MERGED from [com.android.support:exifinterface:27.1.0] AndroidManifest.xml:17:1-22:12
MERGED from [com.android.support:interpolator:28.0.0] AndroidManifest.xml:17:1-22:12
MERGED from [com.android.support:cursoradapter:28.0.0] AndroidManifest.xml:17:1-22:12
MERGED from [com.android.support:documentfile:28.0.0] AndroidManifest.xml:17:1-22:12
MERGED from [com.android.support:localbroadcastmanager:28.0.0] AndroidManifest.xml:17:1-22:12
MERGED from [com.android.support:print:28.0.0] AndroidManifest.xml:17:1-22:12
MERGED from [com.android.support:versionedparcelable:28.0.0] AndroidManifest.xml:17:1-25:12
MERGED from [android.arch.lifecycle:livedata:1.1.1] AndroidManifest.xml:17:1-22:12
MERGED from [android.arch.lifecycle:livedata-core:1.1.1] AndroidManifest.xml:17:1-22:12
MERGED from [android.arch.core:runtime:1.1.1] AndroidManifest.xml:17:1-22:12
MERGED from [android.arch.lifecycle:viewmodel:1.1.1] AndroidManifest.xml:17:1-22:12
INJECTED from src\main\AndroidManifest.xml:2:1-158:12
INJECTED from src\main\AndroidManifest.xml:2:1-158:12
INJECTED from src\main\AndroidManifest.xml:2:1-158:12
	package
		ADDED from src\main\AndroidManifest.xml:4:5-34
		INJECTED from src\main\AndroidManifest.xml
		INJECTED from src\main\AndroidManifest.xml
	android:versionName
		INJECTED from src\main\AndroidManifest.xml
		ADDED from src\main\AndroidManifest.xml:2:1-158:12
		INJECTED from src\main\AndroidManifest.xml
	xmlns:tools
		ADDED from src\main\AndroidManifest.xml:3:5-51
	android:versionCode
		INJECTED from src\main\AndroidManifest.xml
		ADDED from src\main\AndroidManifest.xml:2:1-158:12
		INJECTED from src\main\AndroidManifest.xml
	xmlns:android
		ADDED from src\main\AndroidManifest.xml:2:11-69
uses-permission#android.permission.INTERNET
ADDED from src\main\AndroidManifest.xml:6:5-67
MERGED from [com.google.firebase:firebase-measurement-connector-impl:17.0.3] AndroidManifest.xml:22:5-67
MERGED from [com.google.firebase:firebase-measurement-connector-impl:17.0.3] AndroidManifest.xml:22:5-67
MERGED from [com.google.firebase:firebase-analytics:16.0.5] AndroidManifest.xml:23:5-67
MERGED from [com.google.firebase:firebase-analytics:16.0.5] AndroidManifest.xml:23:5-67
MERGED from [com.google.firebase:firebase-analytics-impl:16.2.3] AndroidManifest.xml:23:5-67
MERGED from [com.google.firebase:firebase-analytics-impl:16.2.3] AndroidManifest.xml:23:5-67
MERGED from [com.google.firebase:firebase-iid:17.0.4] AndroidManifest.xml:23:5-67
MERGED from [com.google.firebase:firebase-iid:17.0.4] AndroidManifest.xml:23:5-67
	android:name
		ADDED from src\main\AndroidManifest.xml:6:22-64
uses-permission#android.permission.ACCESS_WIFI_STATE
ADDED from src\main\AndroidManifest.xml:7:5-76
	android:name
		ADDED from src\main\AndroidManifest.xml:7:22-73
uses-permission#android.permission.CHANGE_WIFI_MULTICAST_STATE
ADDED from src\main\AndroidManifest.xml:8:5-86
	android:name
		ADDED from src\main\AndroidManifest.xml:8:22-83
uses-permission#android.permission.WRITE_EXTERNAL_STORAGE
ADDED from src\main\AndroidManifest.xml:9:5-81
	android:name
		ADDED from src\main\AndroidManifest.xml:9:22-78
uses-permission#android.permission.READ_EXTERNAL_STORAGE
ADDED from src\main\AndroidManifest.xml:10:5-80
	android:name
		ADDED from src\main\AndroidManifest.xml:10:22-77
uses-permission#android.permission.CAMERA
ADDED from src\main\AndroidManifest.xml:11:5-65
	android:name
		ADDED from src\main\AndroidManifest.xml:11:22-62
application
ADDED from src\main\AndroidManifest.xml:13:5-156:19
MERGED from [com.android.support:design:28.0.0] AndroidManifest.xml:22:5-20
MERGED from [com.android.support:design:28.0.0] AndroidManifest.xml:22:5-20
MERGED from [pub.devrel:easypermissions:1.2.0] AndroidManifest.xml:11:5-17:19
MERGED from [pub.devrel:easypermissions:1.2.0] AndroidManifest.xml:11:5-17:19
MERGED from [android.arch.lifecycle:extensions:1.1.0] AndroidManifest.xml:22:5-28:19
MERGED from [android.arch.lifecycle:extensions:1.1.0] AndroidManifest.xml:22:5-28:19
MERGED from [ch.acra:acra:4.9.0] AndroidManifest.xml:39:5-43:19
MERGED from [ch.acra:acra:4.9.0] AndroidManifest.xml:39:5-43:19
MERGED from [com.google.firebase:firebase-messaging:17.3.4] AndroidManifest.xml:22:5-35:19
MERGED from [com.google.firebase:firebase-messaging:17.3.4] AndroidManifest.xml:22:5-35:19
MERGED from [com.google.firebase:firebase-core:16.0.5] AndroidManifest.xml:7:5-20
MERGED from [com.google.firebase:firebase-core:16.0.5] AndroidManifest.xml:7:5-20
MERGED from [com.google.firebase:firebase-measurement-connector-impl:17.0.3] AndroidManifest.xml:26:5-32:19
MERGED from [com.google.firebase:firebase-measurement-connector-impl:17.0.3] AndroidManifest.xml:26:5-32:19
MERGED from [com.google.firebase:firebase-analytics:16.0.5] AndroidManifest.xml:28:5-53:19
MERGED from [com.google.firebase:firebase-analytics:16.0.5] AndroidManifest.xml:28:5-53:19
MERGED from [com.google.android.gms:play-services-measurement-api:16.0.3] AndroidManifest.xml:22:5-23:19
MERGED from [com.google.android.gms:play-services-measurement-api:16.0.3] AndroidManifest.xml:22:5-23:19
MERGED from [com.google.firebase:firebase-analytics-impl:16.2.3] AndroidManifest.xml:28:5-38:19
MERGED from [com.google.firebase:firebase-analytics-impl:16.2.3] AndroidManifest.xml:28:5-38:19
MERGED from [com.google.firebase:firebase-iid:17.0.4] AndroidManifest.xml:28:5-57:19
MERGED from [com.google.firebase:firebase-iid:17.0.4] AndroidManifest.xml:28:5-57:19
MERGED from [com.google.firebase:firebase-common:16.0.3] AndroidManifest.xml:9:5-15:19
MERGED from [com.google.firebase:firebase-common:16.0.3] AndroidManifest.xml:9:5-15:19
MERGED from [com.google.firebase:firebase-iid-interop:16.0.1] AndroidManifest.xml:7:5-8:19
MERGED from [com.google.firebase:firebase-iid-interop:16.0.1] AndroidManifest.xml:7:5-8:19
MERGED from [com.google.android.gms:play-services-base:16.0.1] AndroidManifest.xml:22:5-27:19
MERGED from [com.google.android.gms:play-services-base:16.0.1] AndroidManifest.xml:22:5-27:19
MERGED from [com.google.android.gms:play-services-tasks:16.0.1] AndroidManifest.xml:7:5-20
MERGED from [com.google.android.gms:play-services-tasks:16.0.1] AndroidManifest.xml:7:5-20
MERGED from [com.google.firebase:firebase-measurement-connector:17.0.1] AndroidManifest.xml:22:5-23:19
MERGED from [com.google.firebase:firebase-measurement-connector:17.0.1] AndroidManifest.xml:22:5-23:19
MERGED from [com.google.android.gms:play-services-measurement-base:16.0.4] AndroidManifest.xml:7:5-20
MERGED from [com.google.android.gms:play-services-measurement-base:16.0.4] AndroidManifest.xml:7:5-20
MERGED from [com.google.android.gms:play-services-stats:16.0.1] AndroidManifest.xml:7:5-20
MERGED from [com.google.android.gms:play-services-stats:16.0.1] AndroidManifest.xml:7:5-20
MERGED from [com.google.android.gms:play-services-ads-identifier:16.0.0] AndroidManifest.xml:22:5-20
MERGED from [com.google.android.gms:play-services-ads-identifier:16.0.0] AndroidManifest.xml:22:5-20
MERGED from [com.google.android.gms:play-services-basement:16.0.1] AndroidManifest.xml:22:5-26:19
MERGED from [com.google.android.gms:play-services-basement:16.0.1] AndroidManifest.xml:22:5-26:19
MERGED from [com.ss.bannerslider:bannerslider:2.0.0] AndroidManifest.xml:11:5-53
MERGED from [com.ss.bannerslider:bannerslider:2.0.0] AndroidManifest.xml:11:5-53
MERGED from [com.android.support:support-compat:28.0.0] AndroidManifest.xml:22:5-94
MERGED from [com.android.support:support-compat:28.0.0] AndroidManifest.xml:22:5-94
MERGED from [com.android.support.constraint:constraint-layout:1.1.3] AndroidManifest.xml:9:5-20
MERGED from [com.android.support.constraint:constraint-layout:1.1.3] AndroidManifest.xml:9:5-20
MERGED from [com.squareup.picasso:picasso:2.71828] AndroidManifest.xml:7:5-12:19
MERGED from [com.squareup.picasso:picasso:2.71828] AndroidManifest.xml:7:5-12:19
MERGED from [com.android.support:versionedparcelable:28.0.0] AndroidManifest.xml:22:5-23:19
MERGED from [com.android.support:versionedparcelable:28.0.0] AndroidManifest.xml:22:5-23:19
	android:appComponentFactory
		ADDED from [com.android.support:support-compat:28.0.0] AndroidManifest.xml:22:18-91
	android:supportsRtl
		ADDED from src\main\AndroidManifest.xml:20:9-35
	android:label
		ADDED from src\main\AndroidManifest.xml:17:9-41
	android:hardwareAccelerated
		ADDED from src\main\AndroidManifest.xml:15:9-43
	tools:ignore
		ADDED from src\main\AndroidManifest.xml:22:9-48
	android:roundIcon
		ADDED from src\main\AndroidManifest.xml:19:9-48
	android:largeHeap
		ADDED from src\main\AndroidManifest.xml:18:9-33
	android:icon
		ADDED from src\main\AndroidManifest.xml:16:9-43
	android:theme
		ADDED from src\main\AndroidManifest.xml:21:9-40
	android:name
		ADDED from src\main\AndroidManifest.xml:14:9-45
activity#com.itg.calderysapp.home.HomeActivity
ADDED from src\main\AndroidManifest.xml:23:9-32:20
	android:label
		ADDED from src\main\AndroidManifest.xml:25:13-45
	android:theme
		ADDED from src\main\AndroidManifest.xml:26:13-56
	android:name
		ADDED from src\main\AndroidManifest.xml:24:13-46
intent-filter#action:name:android.intent.action.MAIN+category:name:android.intent.category.LAUNCHER
ADDED from src\main\AndroidManifest.xml:27:13-31:29
action#android.intent.action.MAIN
ADDED from src\main\AndroidManifest.xml:28:17-69
	android:name
		ADDED from src\main\AndroidManifest.xml:28:25-66
category#android.intent.category.LAUNCHER
ADDED from src\main\AndroidManifest.xml:30:17-77
	android:name
		ADDED from src\main\AndroidManifest.xml:30:27-74
activity#com.itg.calderysapp.login.LoginActivity
ADDED from src\main\AndroidManifest.xml:33:9-36:59
	android:label
		ADDED from src\main\AndroidManifest.xml:35:13-57
	android:theme
		ADDED from src\main\AndroidManifest.xml:36:13-56
	android:name
		ADDED from src\main\AndroidManifest.xml:34:13-48
activity#com.itg.calderysapp.caldConnect.update.AddActivity
ADDED from src\main\AndroidManifest.xml:37:9-40:59
	android:label
		ADDED from src\main\AndroidManifest.xml:39:13-55
	android:theme
		ADDED from src\main\AndroidManifest.xml:40:13-56
	android:name
		ADDED from src\main\AndroidManifest.xml:38:13-59
meta-data#preloaded_fonts
ADDED from src\main\AndroidManifest.xml:42:9-44:57
	android:resource
		ADDED from src\main\AndroidManifest.xml:44:13-54
	android:name
		ADDED from src\main\AndroidManifest.xml:43:13-43
activity#com.itg.calderysapp.caldConnect.pds.PDSActivity
ADDED from src\main\AndroidManifest.xml:46:9-49:59
	android:label
		ADDED from src\main\AndroidManifest.xml:48:13-55
	android:theme
		ADDED from src\main\AndroidManifest.xml:49:13-56
	android:name
		ADDED from src\main\AndroidManifest.xml:47:13-56
service#com.itg.calderysapp.common.FileDownloadService
ADDED from src\main\AndroidManifest.xml:51:9-53:39
	android:exported
		ADDED from src\main\AndroidManifest.xml:53:13-36
	android:name
		ADDED from src\main\AndroidManifest.xml:52:13-55
meta-data#com.google.firebase.messaging.default_notification_channel_id
ADDED from src\main\AndroidManifest.xml:67:9-69:71
	android:value
		ADDED from src\main\AndroidManifest.xml:69:13-68
	android:name
		ADDED from src\main\AndroidManifest.xml:68:13-89
meta-data#firebase_messaging_auto_init_enabled
ADDED from src\main\AndroidManifest.xml:70:9-72:37
	android:value
		ADDED from src\main\AndroidManifest.xml:72:13-34
	android:name
		ADDED from src\main\AndroidManifest.xml:71:13-64
service#com.itg.calderysapp.notification.MyFirebaseMessagingService
ADDED from src\main\AndroidManifest.xml:74:9-78:19
	android:name
		ADDED from src\main\AndroidManifest.xml:74:18-73
intent-filter#action:name:com.google.firebase.MESSAGING_EVENT
ADDED from src\main\AndroidManifest.xml:75:13-77:29
action#com.google.firebase.MESSAGING_EVENT
ADDED from src\main\AndroidManifest.xml:76:17-78
	android:name
		ADDED from src\main\AndroidManifest.xml:76:25-75
service#com.itg.calderysapp.notification.MyFirebaseInstanceIDService
ADDED from src\main\AndroidManifest.xml:79:9-83:19
	android:name
		ADDED from src\main\AndroidManifest.xml:79:18-74
intent-filter#action:name:com.google.firebase.INSTANCE_ID_EVENT
ADDED from src\main\AndroidManifest.xml:80:13-82:29
action#com.google.firebase.INSTANCE_ID_EVENT
ADDED from src\main\AndroidManifest.xml:81:17-80
	android:name
		ADDED from src\main\AndroidManifest.xml:81:25-77
provider#android.support.v4.content.FileProvider
ADDED from src\main\AndroidManifest.xml:85:9-93:20
	android:grantUriPermissions
		ADDED from src\main\AndroidManifest.xml:89:13-47
	android:authorities
		ADDED from src\main\AndroidManifest.xml:87:13-63
	android:exported
		ADDED from src\main\AndroidManifest.xml:88:13-37
	android:name
		ADDED from src\main\AndroidManifest.xml:86:13-67
meta-data#android.support.FILE_PROVIDER_PATHS
ADDED from src\main\AndroidManifest.xml:90:13-92:58
	android:resource
		ADDED from src\main\AndroidManifest.xml:92:17-55
	android:name
		ADDED from src\main\AndroidManifest.xml:91:17-67
activity#com.itg.calderysapp.caldConnect.gallery.GalleryActivity
ADDED from src\main\AndroidManifest.xml:95:9-98:59
	android:label
		ADDED from src\main\AndroidManifest.xml:97:13-59
	android:theme
		ADDED from src\main\AndroidManifest.xml:98:13-56
	android:name
		ADDED from src\main\AndroidManifest.xml:96:13-64
activity#com.itg.calderysapp.caldConnect.gallery.GalleryDetailsActivity
ADDED from src\main\AndroidManifest.xml:99:9-102:59
	android:label
		ADDED from src\main\AndroidManifest.xml:101:13-59
	android:theme
		ADDED from src\main\AndroidManifest.xml:102:13-56
	android:name
		ADDED from src\main\AndroidManifest.xml:100:13-71
activity#com.itg.calderysapp.caldNet.newIndent.createIntent.CreateIntentActivity
ADDED from src\main\AndroidManifest.xml:103:9-106:59
	android:label
		ADDED from src\main\AndroidManifest.xml:105:13-65
	android:theme
		ADDED from src\main\AndroidManifest.xml:106:13-56
	android:name
		ADDED from src\main\AndroidManifest.xml:104:13-80
activity#com.itg.calderysapp.caldNet.newIndent.intent.fragment.IntentBaseActivity
ADDED from src\main\AndroidManifest.xml:107:9-110:59
	android:label
		ADDED from src\main\AndroidManifest.xml:109:13-63
	android:theme
		ADDED from src\main\AndroidManifest.xml:110:13-56
	android:name
		ADDED from src\main\AndroidManifest.xml:108:13-81
activity#com.itg.calderysapp.caldNet.newIndent.consignee.ConsingeeAddActivity
ADDED from src\main\AndroidManifest.xml:111:9-122:20
	android:label
		ADDED from src\main\AndroidManifest.xml:113:13-65
	android:theme
		ADDED from src\main\AndroidManifest.xml:114:13-56
	android:name
		ADDED from src\main\AndroidManifest.xml:112:13-77
activity#com.itg.calderysapp.caldNet.newIndent.setting.AddSetting
ADDED from src\main\AndroidManifest.xml:123:9-126:59
	android:label
		ADDED from src\main\AndroidManifest.xml:125:13-63
	android:theme
		ADDED from src\main\AndroidManifest.xml:126:13-56
	android:name
		ADDED from src\main\AndroidManifest.xml:124:13-65
activity#com.itg.calderysapp.caldNet.newIndent.addmaterial.MaterailAddActivity
ADDED from src\main\AndroidManifest.xml:127:9-130:59
	android:label
		ADDED from src\main\AndroidManifest.xml:129:13-64
	android:theme
		ADDED from src\main\AndroidManifest.xml:130:13-56
	android:name
		ADDED from src\main\AndroidManifest.xml:128:13-78
activity#com.itg.calderysapp.caldNet.newIndent.Deetails.ViewDetailsActivity
ADDED from src\main\AndroidManifest.xml:131:9-134:59
	android:label
		ADDED from src\main\AndroidManifest.xml:133:13-64
	android:theme
		ADDED from src\main\AndroidManifest.xml:134:13-56
	android:name
		ADDED from src\main\AndroidManifest.xml:132:13-75
activity#com.itg.calderysapp.caldNet.newIndent.createIntent.CreateIndentNewActivity
ADDED from src\main\AndroidManifest.xml:135:9-138:59
	android:label
		ADDED from src\main\AndroidManifest.xml:137:13-69
	android:theme
		ADDED from src\main\AndroidManifest.xml:138:13-56
	android:name
		ADDED from src\main\AndroidManifest.xml:136:13-83
activity#com.itg.calderysapp.caldNet.newIndent.consignee.ConsigneeListActivity
ADDED from src\main\AndroidManifest.xml:139:9-142:59
	android:label
		ADDED from src\main\AndroidManifest.xml:141:13-66
	android:theme
		ADDED from src\main\AndroidManifest.xml:142:13-56
	android:name
		ADDED from src\main\AndroidManifest.xml:140:13-78
activity#com.itg.calderysapp.caldNet.newIndent.addmaterial.TransportListActivity
ADDED from src\main\AndroidManifest.xml:143:9-146:59
	android:label
		ADDED from src\main\AndroidManifest.xml:145:13-66
	android:theme
		ADDED from src\main\AndroidManifest.xml:146:13-56
	android:name
		ADDED from src\main\AndroidManifest.xml:144:13-80
activity#com.itg.calderysapp.caldNet.newIndent.addmaterial.ProductListActivity
ADDED from src\main\AndroidManifest.xml:147:9-150:68
	android:label
		ADDED from src\main\AndroidManifest.xml:149:13-64
	android:theme
		ADDED from src\main\AndroidManifest.xml:150:13-56
	android:name
		ADDED from src\main\AndroidManifest.xml:148:13-78
activity#com.itg.calderysapp.caldNet.newIndent.Deetails.ProductDetailsActivity
ADDED from src\main\AndroidManifest.xml:152:9-155:58
	android:label
		ADDED from src\main\AndroidManifest.xml:154:13-29
	android:theme
		ADDED from src\main\AndroidManifest.xml:155:13-56
	android:name
		ADDED from src\main\AndroidManifest.xml:153:13-78
uses-sdk
INJECTED from src\main\AndroidManifest.xml reason: use-sdk injection requested
INJECTED from src\main\AndroidManifest.xml
INJECTED from src\main\AndroidManifest.xml
MERGED from [com.android.databinding:adapters:3.2.1] AndroidManifest.xml:22:5-44
MERGED from [com.android.databinding:adapters:3.2.1] AndroidManifest.xml:22:5-44
MERGED from [com.android.databinding:library:3.2.1] AndroidManifest.xml:22:5-44
MERGED from [com.android.databinding:library:3.2.1] AndroidManifest.xml:22:5-44
MERGED from [com.android.support:design:28.0.0] AndroidManifest.xml:20:5-44
MERGED from [com.android.support:design:28.0.0] AndroidManifest.xml:20:5-44
MERGED from [pub.devrel:easypermissions:1.2.0] AndroidManifest.xml:7:5-9:41
MERGED from [pub.devrel:easypermissions:1.2.0] AndroidManifest.xml:7:5-9:41
MERGED from [com.android.support:appcompat-v7:28.0.0] AndroidManifest.xml:20:5-44
MERGED from [com.android.support:appcompat-v7:28.0.0] AndroidManifest.xml:20:5-44
MERGED from [com.android.support:cardview-v7:28.0.0] AndroidManifest.xml:20:5-44
MERGED from [com.android.support:cardview-v7:28.0.0] AndroidManifest.xml:20:5-44
MERGED from [com.android.support:animated-vector-drawable:28.0.0] AndroidManifest.xml:20:5-44
MERGED from [com.android.support:animated-vector-drawable:28.0.0] AndroidManifest.xml:20:5-44
MERGED from [android.arch.lifecycle:extensions:1.1.0] AndroidManifest.xml:20:5-44
MERGED from [android.arch.lifecycle:extensions:1.1.0] AndroidManifest.xml:20:5-44
MERGED from [ch.acra:acra:4.9.0] AndroidManifest.xml:37:5-42
MERGED from [ch.acra:acra:4.9.0] AndroidManifest.xml:37:5-42
MERGED from [com.google.firebase:firebase-messaging:17.3.4] AndroidManifest.xml:20:5-44
MERGED from [com.google.firebase:firebase-messaging:17.3.4] AndroidManifest.xml:20:5-44
MERGED from [com.google.firebase:firebase-core:16.0.5] AndroidManifest.xml:5:5-44
MERGED from [com.google.firebase:firebase-core:16.0.5] AndroidManifest.xml:5:5-44
MERGED from [com.google.firebase:firebase-measurement-connector-impl:17.0.3] AndroidManifest.xml:20:5-44
MERGED from [com.google.firebase:firebase-measurement-connector-impl:17.0.3] AndroidManifest.xml:20:5-44
MERGED from [com.google.firebase:firebase-analytics:16.0.5] AndroidManifest.xml:20:5-44
MERGED from [com.google.firebase:firebase-analytics:16.0.5] AndroidManifest.xml:20:5-44
MERGED from [com.google.android.gms:play-services-measurement-api:16.0.3] AndroidManifest.xml:20:5-44
MERGED from [com.google.android.gms:play-services-measurement-api:16.0.3] AndroidManifest.xml:20:5-44
MERGED from [com.google.firebase:firebase-analytics-impl:16.2.3] AndroidManifest.xml:20:5-44
MERGED from [com.google.firebase:firebase-analytics-impl:16.2.3] AndroidManifest.xml:20:5-44
MERGED from [com.google.firebase:firebase-iid:17.0.4] AndroidManifest.xml:20:5-44
MERGED from [com.google.firebase:firebase-iid:17.0.4] AndroidManifest.xml:20:5-44
MERGED from [com.google.firebase:firebase-common:16.0.3] AndroidManifest.xml:5:5-7:41
MERGED from [com.google.firebase:firebase-common:16.0.3] AndroidManifest.xml:5:5-7:41
MERGED from [com.google.firebase:firebase-iid-interop:16.0.1] AndroidManifest.xml:5:5-44
MERGED from [com.google.firebase:firebase-iid-interop:16.0.1] AndroidManifest.xml:5:5-44
MERGED from [com.google.android.gms:play-services-base:16.0.1] AndroidManifest.xml:20:5-44
MERGED from [com.google.android.gms:play-services-base:16.0.1] AndroidManifest.xml:20:5-44
MERGED from [com.google.android.gms:play-services-tasks:16.0.1] AndroidManifest.xml:5:5-44
MERGED from [com.google.android.gms:play-services-tasks:16.0.1] AndroidManifest.xml:5:5-44
MERGED from [com.google.firebase:firebase-measurement-connector:17.0.1] AndroidManifest.xml:20:5-44
MERGED from [com.google.firebase:firebase-measurement-connector:17.0.1] AndroidManifest.xml:20:5-44
MERGED from [com.google.android.gms:play-services-measurement-base:16.0.4] AndroidManifest.xml:5:5-44
MERGED from [com.google.android.gms:play-services-measurement-base:16.0.4] AndroidManifest.xml:5:5-44
MERGED from [com.google.android.gms:play-services-stats:16.0.1] AndroidManifest.xml:5:5-44
MERGED from [com.google.android.gms:play-services-stats:16.0.1] AndroidManifest.xml:5:5-44
MERGED from [com.google.android.gms:play-services-ads-identifier:16.0.0] AndroidManifest.xml:20:5-44
MERGED from [com.google.android.gms:play-services-ads-identifier:16.0.0] AndroidManifest.xml:20:5-44
MERGED from [com.google.android.gms:play-services-basement:16.0.1] AndroidManifest.xml:20:5-44
MERGED from [com.google.android.gms:play-services-basement:16.0.1] AndroidManifest.xml:20:5-44
MERGED from [com.android.support:support-v4:28.0.0] AndroidManifest.xml:20:5-44
MERGED from [com.android.support:support-v4:28.0.0] AndroidManifest.xml:20:5-44
MERGED from [com.android.support:support-fragment:28.0.0] AndroidManifest.xml:20:5-44
MERGED from [com.android.support:support-fragment:28.0.0] AndroidManifest.xml:20:5-44
MERGED from [com.ss.bannerslider:bannerslider:2.0.0] AndroidManifest.xml:7:5-9:41
MERGED from [com.ss.bannerslider:bannerslider:2.0.0] AndroidManifest.xml:7:5-9:41
MERGED from [com.android.support:recyclerview-v7:28.0.0] AndroidManifest.xml:20:5-44
MERGED from [com.android.support:recyclerview-v7:28.0.0] AndroidManifest.xml:20:5-44
MERGED from [com.android.support:support-core-ui:28.0.0] AndroidManifest.xml:20:5-44
MERGED from [com.android.support:support-core-ui:28.0.0] AndroidManifest.xml:20:5-44
MERGED from [com.android.support:transition:28.0.0] AndroidManifest.xml:20:5-44
MERGED from [com.android.support:transition:28.0.0] AndroidManifest.xml:20:5-44
MERGED from [com.jakewharton:butterknife:9.0.0-SNAPSHOT] AndroidManifest.xml:5:5-44
MERGED from [com.jakewharton:butterknife:9.0.0-SNAPSHOT] AndroidManifest.xml:5:5-44
MERGED from [com.jakewharton:butterknife-runtime:9.0.0-SNAPSHOT] AndroidManifest.xml:5:5-44
MERGED from [com.jakewharton:butterknife-runtime:9.0.0-SNAPSHOT] AndroidManifest.xml:5:5-44
MERGED from [com.android.support:viewpager:28.0.0] AndroidManifest.xml:20:5-44
MERGED from [com.android.support:viewpager:28.0.0] AndroidManifest.xml:20:5-44
MERGED from [com.android.support:coordinatorlayout:28.0.0] AndroidManifest.xml:20:5-44
MERGED from [com.android.support:coordinatorlayout:28.0.0] AndroidManifest.xml:20:5-44
MERGED from [com.android.support:drawerlayout:28.0.0] AndroidManifest.xml:20:5-44
MERGED from [com.android.support:drawerlayout:28.0.0] AndroidManifest.xml:20:5-44
MERGED from [com.android.support:slidingpanelayout:28.0.0] AndroidManifest.xml:20:5-44
MERGED from [com.android.support:slidingpanelayout:28.0.0] AndroidManifest.xml:20:5-44
MERGED from [com.android.support:customview:28.0.0] AndroidManifest.xml:20:5-44
MERGED from [com.android.support:customview:28.0.0] AndroidManifest.xml:20:5-44
MERGED from [com.android.support:swiperefreshlayout:28.0.0] AndroidManifest.xml:20:5-44
MERGED from [com.android.support:swiperefreshlayout:28.0.0] AndroidManifest.xml:20:5-44
MERGED from [com.android.support:asynclayoutinflater:28.0.0] AndroidManifest.xml:20:5-44
MERGED from [com.android.support:asynclayoutinflater:28.0.0] AndroidManifest.xml:20:5-44
MERGED from [android.arch.persistence.room:rxjava2:1.1.1] AndroidManifest.xml:20:5-44
MERGED from [android.arch.persistence.room:rxjava2:1.1.1] AndroidManifest.xml:20:5-44
MERGED from [android.arch.persistence.room:runtime:1.1.1] AndroidManifest.xml:20:5-44
MERGED from [android.arch.persistence.room:runtime:1.1.1] AndroidManifest.xml:20:5-44
MERGED from [com.android.support:support-core-utils:28.0.0] AndroidManifest.xml:20:5-44
MERGED from [com.android.support:support-core-utils:28.0.0] AndroidManifest.xml:20:5-44
MERGED from [com.android.support:loader:28.0.0] AndroidManifest.xml:20:5-44
MERGED from [com.android.support:loader:28.0.0] AndroidManifest.xml:20:5-44
MERGED from [com.android.support:support-vector-drawable:28.0.0] AndroidManifest.xml:20:5-44